[0.146s] DEBUG:colcon:Command line arguments: ['/usr/bin/colcon', 'build', '--symlink-install', '--packages-select', 'wshri_gui']
[0.146s] DEBUG:colcon:Parsed command line arguments: Namespace(log_base=None, log_level=None, verb_name='build', build_base='build', install_base='install', merge_install=False, symlink_install=True, test_result_base=None, continue_on_error=False, executor='parallel', parallel_workers=8, event_handlers=None, ignore_user_meta=False, metas=['./colcon.meta'], base_paths=['.'], packages_ignore=None, packages_ignore_regex=None, paths=None, packages_up_to=None, packages_up_to_regex=None, packages_above=None, packages_above_and_dependencies=None, packages_above_depth=None, packages_select_by_dep=None, packages_skip_by_dep=None, packages_skip_up_to=None, packages_select_build_failed=False, packages_skip_build_finished=False, packages_select_test_failures=False, packages_skip_test_passed=False, packages_select=['wshri_gui'], packages_skip=None, packages_select_regex=None, packages_skip_regex=None, packages_start=None, packages_end=None, allow_overriding=[], cmake_args=None, cmake_target=None, cmake_target_skip_unavailable=False, cmake_clean_cache=False, cmake_clean_first=False, cmake_force_configure=False, ament_cmake_args=None, catkin_cmake_args=None, catkin_skip_building_tests=False, verb_parser=<colcon_defaults.argument_parser.defaults.DefaultArgumentsDecorator object at 0x73c05fd2c4d0>, verb_extension=<colcon_core.verb.build.BuildVerb object at 0x73c05fd2c500>, main=<bound method BuildVerb.main of <colcon_core.verb.build.BuildVerb object at 0x73c05fd2c500>>)
[0.197s] Level 1:colcon.colcon_core.package_discovery:discover_packages(colcon_meta) check parameters
[0.197s] Level 1:colcon.colcon_core.package_discovery:discover_packages(recursive) check parameters
[0.197s] Level 1:colcon.colcon_core.package_discovery:discover_packages(ignore) check parameters
[0.197s] Level 1:colcon.colcon_core.package_discovery:discover_packages(path) check parameters
[0.197s] Level 1:colcon.colcon_core.package_discovery:discover_packages(colcon_meta) discover
[0.197s] Level 1:colcon.colcon_core.package_discovery:discover_packages(recursive) discover
[0.198s] INFO:colcon.colcon_core.package_discovery:Crawling recursively for packages in '/home/costin/ros2_wshri/hri_'
[0.198s] Level 1:colcon.colcon_core.package_identification:_identify(.) by extensions ['ignore', 'ignore_ament_install']
[0.198s] Level 1:colcon.colcon_core.package_identification:_identify(.) by extension 'ignore'
[0.198s] Level 1:colcon.colcon_core.package_identification:_identify(.) by extension 'ignore_ament_install'
[0.198s] Level 1:colcon.colcon_core.package_identification:_identify(.) by extensions ['colcon_pkg']
[0.198s] Level 1:colcon.colcon_core.package_identification:_identify(.) by extension 'colcon_pkg'
[0.198s] Level 1:colcon.colcon_core.package_identification:_identify(.) by extensions ['colcon_meta']
[0.198s] Level 1:colcon.colcon_core.package_identification:_identify(.) by extension 'colcon_meta'
[0.198s] Level 1:colcon.colcon_core.package_identification:_identify(.) by extensions ['ros']
[0.198s] Level 1:colcon.colcon_core.package_identification:_identify(.) by extension 'ros'
[0.218s] Level 1:colcon.colcon_core.package_identification:_identify(.) by extensions ['cmake', 'python']
[0.218s] Level 1:colcon.colcon_core.package_identification:_identify(.) by extension 'cmake'
[0.218s] Level 1:colcon.colcon_core.package_identification:_identify(.) by extension 'python'
[0.218s] Level 1:colcon.colcon_core.package_identification:_identify(.) by extensions ['python_setup_py']
[0.218s] Level 1:colcon.colcon_core.package_identification:_identify(.) by extension 'python_setup_py'
[0.218s] Level 1:colcon.colcon_core.package_identification:_identify(build) by extensions ['ignore', 'ignore_ament_install']
[0.218s] Level 1:colcon.colcon_core.package_identification:_identify(build) by extension 'ignore'
[0.218s] Level 1:colcon.colcon_core.package_identification:_identify(build) ignored
[0.218s] Level 1:colcon.colcon_core.package_identification:_identify(install) by extensions ['ignore', 'ignore_ament_install']
[0.219s] Level 1:colcon.colcon_core.package_identification:_identify(install) by extension 'ignore'
[0.219s] Level 1:colcon.colcon_core.package_identification:_identify(install) ignored
[0.219s] Level 1:colcon.colcon_core.package_identification:_identify(log) by extensions ['ignore', 'ignore_ament_install']
[0.219s] Level 1:colcon.colcon_core.package_identification:_identify(log) by extension 'ignore'
[0.219s] Level 1:colcon.colcon_core.package_identification:_identify(log) ignored
[0.219s] Level 1:colcon.colcon_core.package_identification:_identify(ros2_ws) by extensions ['ignore', 'ignore_ament_install']
[0.219s] Level 1:colcon.colcon_core.package_identification:_identify(ros2_ws) by extension 'ignore'
[0.219s] Level 1:colcon.colcon_core.package_identification:_identify(ros2_ws) by extension 'ignore_ament_install'
[0.219s] Level 1:colcon.colcon_core.package_identification:_identify(ros2_ws) by extensions ['colcon_pkg']
[0.219s] Level 1:colcon.colcon_core.package_identification:_identify(ros2_ws) by extension 'colcon_pkg'
[0.219s] Level 1:colcon.colcon_core.package_identification:_identify(ros2_ws) by extensions ['colcon_meta']
[0.219s] Level 1:colcon.colcon_core.package_identification:_identify(ros2_ws) by extension 'colcon_meta'
[0.219s] Level 1:colcon.colcon_core.package_identification:_identify(ros2_ws) by extensions ['ros']
[0.219s] Level 1:colcon.colcon_core.package_identification:_identify(ros2_ws) by extension 'ros'
[0.219s] Level 1:colcon.colcon_core.package_identification:_identify(ros2_ws) by extensions ['cmake', 'python']
[0.219s] Level 1:colcon.colcon_core.package_identification:_identify(ros2_ws) by extension 'cmake'
[0.219s] Level 1:colcon.colcon_core.package_identification:_identify(ros2_ws) by extension 'python'
[0.219s] Level 1:colcon.colcon_core.package_identification:_identify(ros2_ws) by extensions ['python_setup_py']
[0.219s] Level 1:colcon.colcon_core.package_identification:_identify(ros2_ws) by extension 'python_setup_py'
[0.219s] Level 1:colcon.colcon_core.package_identification:_identify(ros2_ws/src) by extensions ['ignore', 'ignore_ament_install']
[0.219s] Level 1:colcon.colcon_core.package_identification:_identify(ros2_ws/src) by extension 'ignore'
[0.219s] Level 1:colcon.colcon_core.package_identification:_identify(ros2_ws/src) by extension 'ignore_ament_install'
[0.219s] Level 1:colcon.colcon_core.package_identification:_identify(ros2_ws/src) by extensions ['colcon_pkg']
[0.220s] Level 1:colcon.colcon_core.package_identification:_identify(ros2_ws/src) by extension 'colcon_pkg'
[0.220s] Level 1:colcon.colcon_core.package_identification:_identify(ros2_ws/src) by extensions ['colcon_meta']
[0.220s] Level 1:colcon.colcon_core.package_identification:_identify(ros2_ws/src) by extension 'colcon_meta'
[0.220s] Level 1:colcon.colcon_core.package_identification:_identify(ros2_ws/src) by extensions ['ros']
[0.220s] Level 1:colcon.colcon_core.package_identification:_identify(ros2_ws/src) by extension 'ros'
[0.220s] Level 1:colcon.colcon_core.package_identification:_identify(ros2_ws/src) by extensions ['cmake', 'python']
[0.220s] Level 1:colcon.colcon_core.package_identification:_identify(ros2_ws/src) by extension 'cmake'
[0.220s] Level 1:colcon.colcon_core.package_identification:_identify(ros2_ws/src) by extension 'python'
[0.220s] Level 1:colcon.colcon_core.package_identification:_identify(ros2_ws/src) by extensions ['python_setup_py']
[0.220s] Level 1:colcon.colcon_core.package_identification:_identify(ros2_ws/src) by extension 'python_setup_py'
[0.220s] Level 1:colcon.colcon_core.package_identification:_identify(ros2_ws/src/wshri_gui) by extensions ['ignore', 'ignore_ament_install']
[0.220s] Level 1:colcon.colcon_core.package_identification:_identify(ros2_ws/src/wshri_gui) by extension 'ignore'
[0.220s] Level 1:colcon.colcon_core.package_identification:_identify(ros2_ws/src/wshri_gui) by extension 'ignore_ament_install'
[0.220s] Level 1:colcon.colcon_core.package_identification:_identify(ros2_ws/src/wshri_gui) by extensions ['colcon_pkg']
[0.220s] Level 1:colcon.colcon_core.package_identification:_identify(ros2_ws/src/wshri_gui) by extension 'colcon_pkg'
[0.220s] Level 1:colcon.colcon_core.package_identification:_identify(ros2_ws/src/wshri_gui) by extensions ['colcon_meta']
[0.220s] Level 1:colcon.colcon_core.package_identification:_identify(ros2_ws/src/wshri_gui) by extension 'colcon_meta'
[0.220s] Level 1:colcon.colcon_core.package_identification:_identify(ros2_ws/src/wshri_gui) by extensions ['ros']
[0.220s] Level 1:colcon.colcon_core.package_identification:_identify(ros2_ws/src/wshri_gui) by extension 'ros'
[0.222s] DEBUG:colcon.colcon_core.package_identification:Package 'ros2_ws/src/wshri_gui' with type 'ros.ament_python' and name 'wshri_gui'
[0.223s] Level 1:colcon.colcon_core.package_discovery:discover_packages(recursive) using defaults
[0.223s] Level 1:colcon.colcon_core.package_discovery:discover_packages(ignore) discover
[0.223s] Level 1:colcon.colcon_core.package_discovery:discover_packages(ignore) using defaults
[0.223s] Level 1:colcon.colcon_core.package_discovery:discover_packages(path) discover
[0.223s] Level 1:colcon.colcon_core.package_discovery:discover_packages(path) using defaults
[0.235s] Level 1:colcon.colcon_core.package_discovery:discover_packages(prefix_path) check parameters
[0.235s] Level 1:colcon.colcon_core.package_discovery:discover_packages(prefix_path) discover
[0.237s] DEBUG:colcon.colcon_installed_package_information.package_discovery:Found 1 installed packages in /home/costin/ros2_wshri/hri_/install
[0.237s] DEBUG:colcon.colcon_installed_package_information.package_discovery:Found 1 installed packages in /home/costin/rob2_ws/install
[0.239s] DEBUG:colcon.colcon_installed_package_information.package_discovery:Found 524 installed packages in /opt/ros/jazzy
[0.240s] Level 1:colcon.colcon_core.package_discovery:discover_packages(prefix_path) using defaults
[0.320s] Level 5:colcon.colcon_core.verb:set package 'wshri_gui' build argument 'cmake_args' from command line to 'None'
[0.320s] Level 5:colcon.colcon_core.verb:set package 'wshri_gui' build argument 'cmake_target' from command line to 'None'
[0.320s] Level 5:colcon.colcon_core.verb:set package 'wshri_gui' build argument 'cmake_target_skip_unavailable' from command line to 'False'
[0.320s] Level 5:colcon.colcon_core.verb:set package 'wshri_gui' build argument 'cmake_clean_cache' from command line to 'False'
[0.320s] Level 5:colcon.colcon_core.verb:set package 'wshri_gui' build argument 'cmake_clean_first' from command line to 'False'
[0.320s] Level 5:colcon.colcon_core.verb:set package 'wshri_gui' build argument 'cmake_force_configure' from command line to 'False'
[0.320s] Level 5:colcon.colcon_core.verb:set package 'wshri_gui' build argument 'ament_cmake_args' from command line to 'None'
[0.320s] Level 5:colcon.colcon_core.verb:set package 'wshri_gui' build argument 'catkin_cmake_args' from command line to 'None'
[0.320s] Level 5:colcon.colcon_core.verb:set package 'wshri_gui' build argument 'catkin_skip_building_tests' from command line to 'False'
[0.320s] DEBUG:colcon.colcon_core.verb:Building package 'wshri_gui' with the following arguments: {'ament_cmake_args': None, 'build_base': '/home/costin/ros2_wshri/hri_/build/wshri_gui', 'catkin_cmake_args': None, 'catkin_skip_building_tests': False, 'cmake_args': None, 'cmake_clean_cache': False, 'cmake_clean_first': False, 'cmake_force_configure': False, 'cmake_target': None, 'cmake_target_skip_unavailable': False, 'install_base': '/home/costin/ros2_wshri/hri_/install/wshri_gui', 'merge_install': False, 'path': '/home/costin/ros2_wshri/hri_/ros2_ws/src/wshri_gui', 'symlink_install': True, 'test_result_base': None}
[0.320s] INFO:colcon.colcon_core.executor:Executing jobs using 'parallel' executor
[0.321s] DEBUG:colcon.colcon_parallel_executor.executor.parallel:run_until_complete
[0.321s] INFO:colcon.colcon_ros.task.ament_python.build:Building ROS package in '/home/costin/ros2_wshri/hri_/ros2_ws/src/wshri_gui' with build type 'ament_python'
[0.321s] Level 1:colcon.colcon_core.shell:create_environment_hook('wshri_gui', 'ament_prefix_path')
[0.323s] INFO:colcon.colcon_core.plugin_system:Skipping extension 'colcon_core.shell.bat': Not used on non-Windows systems
[0.323s] INFO:colcon.colcon_core.shell:Creating environment hook '/home/costin/ros2_wshri/hri_/install/wshri_gui/share/wshri_gui/hook/ament_prefix_path.ps1'
[0.324s] INFO:colcon.colcon_core.shell:Creating environment descriptor '/home/costin/ros2_wshri/hri_/install/wshri_gui/share/wshri_gui/hook/ament_prefix_path.dsv'
[0.324s] INFO:colcon.colcon_core.shell:Creating environment hook '/home/costin/ros2_wshri/hri_/install/wshri_gui/share/wshri_gui/hook/ament_prefix_path.sh'
[0.325s] INFO:colcon.colcon_core.shell:Skip shell extension 'powershell' for command environment: Not usable outside of PowerShell
[0.325s] DEBUG:colcon.colcon_core.shell:Skip shell extension 'dsv' for command environment
[0.562s] INFO:colcon.colcon_core.task.python.build:Building Python package in '/home/costin/ros2_wshri/hri_/ros2_ws/src/wshri_gui'
[0.563s] INFO:colcon.colcon_core.shell:Skip shell extension 'powershell' for command environment: Not usable outside of PowerShell
[0.563s] DEBUG:colcon.colcon_core.shell:Skip shell extension 'dsv' for command environment
[1.106s] DEBUG:colcon.colcon_core.event_handler.log_command:Invoking command in '/home/costin/ros2_wshri/hri_/build/wshri_gui': DEBUGINFOD_URLS=https://debuginfod.ubuntu.com PYTHONPATH=/home/costin/ros2_wshri/hri_/build/wshri_gui/prefix_override:/usr/lib/python3/dist-packages/colcon_core/task/python/colcon_distutils_commands:/home/costin/ros2_wshri/hri_/install/wshri_gui/lib/python3.12/site-packages:${PYTHONPATH} /usr/bin/python3 -W ignore:setup.py install is deprecated -W ignore:easy_install command is deprecated setup.py develop --editable --build-directory /home/costin/ros2_wshri/hri_/build/wshri_gui/build --no-deps symlink_data
[5.200s] Level 1:colcon.colcon_core.shell:create_environment_hook('wshri_gui', 'pythonpath_develop')
[5.201s] INFO:colcon.colcon_core.shell:Creating environment hook '/home/costin/ros2_wshri/hri_/build/wshri_gui/share/wshri_gui/hook/pythonpath_develop.ps1'
[5.201s] DEBUG:colcon.colcon_core.event_handler.log_command:Invoked command in '/home/costin/ros2_wshri/hri_/build/wshri_gui' returned '0': DEBUGINFOD_URLS=https://debuginfod.ubuntu.com PYTHONPATH=/home/costin/ros2_wshri/hri_/build/wshri_gui/prefix_override:/usr/lib/python3/dist-packages/colcon_core/task/python/colcon_distutils_commands:/home/costin/ros2_wshri/hri_/install/wshri_gui/lib/python3.12/site-packages:${PYTHONPATH} /usr/bin/python3 -W ignore:setup.py install is deprecated -W ignore:easy_install command is deprecated setup.py develop --editable --build-directory /home/costin/ros2_wshri/hri_/build/wshri_gui/build --no-deps symlink_data
[5.202s] INFO:colcon.colcon_core.shell:Creating environment descriptor '/home/costin/ros2_wshri/hri_/build/wshri_gui/share/wshri_gui/hook/pythonpath_develop.dsv'
[5.202s] INFO:colcon.colcon_core.shell:Creating environment hook '/home/costin/ros2_wshri/hri_/build/wshri_gui/share/wshri_gui/hook/pythonpath_develop.sh'
[5.204s] Level 1:colcon.colcon_core.environment:checking '/home/costin/ros2_wshri/hri_/install/wshri_gui' for CMake module files
[5.205s] Level 1:colcon.colcon_core.environment:checking '/home/costin/ros2_wshri/hri_/install/wshri_gui' for CMake config files
[5.205s] Level 1:colcon.colcon_core.environment:checking '/home/costin/ros2_wshri/hri_/install/wshri_gui/lib'
[5.205s] Level 1:colcon.colcon_core.environment:checking '/home/costin/ros2_wshri/hri_/install/wshri_gui/bin'
[5.205s] Level 1:colcon.colcon_core.shell:create_environment_hook('wshri_gui', 'path')
[5.206s] INFO:colcon.colcon_core.shell:Creating environment hook '/home/costin/ros2_wshri/hri_/install/wshri_gui/share/wshri_gui/hook/path.ps1'
[5.206s] INFO:colcon.colcon_core.shell:Creating environment descriptor '/home/costin/ros2_wshri/hri_/install/wshri_gui/share/wshri_gui/hook/path.dsv'
[5.206s] INFO:colcon.colcon_core.shell:Creating environment hook '/home/costin/ros2_wshri/hri_/install/wshri_gui/share/wshri_gui/hook/path.sh'
[5.207s] Level 1:colcon.colcon_core.environment:checking '/home/costin/ros2_wshri/hri_/install/wshri_gui/lib/pkgconfig/wshri_gui.pc'
[5.207s] Level 1:colcon.colcon_core.environment:checking '/home/costin/ros2_wshri/hri_/install/wshri_gui/lib/python3.12/site-packages'
[5.207s] Level 1:colcon.colcon_core.shell:create_environment_hook('wshri_gui', 'pythonpath')
[5.207s] INFO:colcon.colcon_core.shell:Creating environment hook '/home/costin/ros2_wshri/hri_/install/wshri_gui/share/wshri_gui/hook/pythonpath.ps1'
[5.207s] INFO:colcon.colcon_core.shell:Creating environment descriptor '/home/costin/ros2_wshri/hri_/install/wshri_gui/share/wshri_gui/hook/pythonpath.dsv'
[5.208s] INFO:colcon.colcon_core.shell:Creating environment hook '/home/costin/ros2_wshri/hri_/install/wshri_gui/share/wshri_gui/hook/pythonpath.sh'
[5.208s] Level 1:colcon.colcon_core.environment:checking '/home/costin/ros2_wshri/hri_/install/wshri_gui/bin'
[5.208s] Level 1:colcon.colcon_core.shell:create_environment_hook('wshri_gui', 'pythonscriptspath')
[5.209s] INFO:colcon.colcon_core.shell:Creating environment hook '/home/costin/ros2_wshri/hri_/install/wshri_gui/share/wshri_gui/hook/pythonscriptspath.ps1'
[5.209s] INFO:colcon.colcon_core.shell:Creating environment descriptor '/home/costin/ros2_wshri/hri_/install/wshri_gui/share/wshri_gui/hook/pythonscriptspath.dsv'
[5.209s] INFO:colcon.colcon_core.shell:Creating environment hook '/home/costin/ros2_wshri/hri_/install/wshri_gui/share/wshri_gui/hook/pythonscriptspath.sh'
[5.210s] Level 1:colcon.colcon_core.environment:create_environment_scripts_only(wshri_gui)
[5.210s] INFO:colcon.colcon_core.shell:Creating package script '/home/costin/ros2_wshri/hri_/install/wshri_gui/share/wshri_gui/package.ps1'
[5.211s] INFO:colcon.colcon_core.shell:Creating package descriptor '/home/costin/ros2_wshri/hri_/install/wshri_gui/share/wshri_gui/package.dsv'
[5.211s] INFO:colcon.colcon_core.shell:Creating package script '/home/costin/ros2_wshri/hri_/install/wshri_gui/share/wshri_gui/package.sh'
[5.212s] INFO:colcon.colcon_core.shell:Creating package script '/home/costin/ros2_wshri/hri_/install/wshri_gui/share/wshri_gui/package.bash'
[5.213s] INFO:colcon.colcon_core.shell:Creating package script '/home/costin/ros2_wshri/hri_/install/wshri_gui/share/wshri_gui/package.zsh'
[5.213s] Level 1:colcon.colcon_core.environment:create_file_with_runtime_dependencies(/home/costin/ros2_wshri/hri_/install/wshri_gui/share/colcon-core/packages/wshri_gui)
[5.213s] DEBUG:colcon.colcon_parallel_executor.executor.parallel:closing loop
[5.214s] DEBUG:colcon.colcon_parallel_executor.executor.parallel:loop closed
[5.214s] DEBUG:colcon.colcon_parallel_executor.executor.parallel:run_until_complete finished with '0'
[5.214s] DEBUG:colcon.colcon_core.event_reactor:joining thread
[5.219s] INFO:colcon.colcon_core.plugin_system:Skipping extension 'colcon_notification.desktop_notification.terminal_notifier': Not used on non-Darwin systems
[5.219s] INFO:colcon.colcon_core.plugin_system:Skipping extension 'colcon_notification.desktop_notification.win32': Not used on non-Windows systems
[5.219s] INFO:colcon.colcon_notification.desktop_notification:Sending desktop notification using 'notify2'
[5.232s] DEBUG:colcon.colcon_core.event_reactor:joined thread
[5.232s] INFO:colcon.colcon_core.shell:Creating prefix script '/home/costin/ros2_wshri/hri_/install/local_setup.ps1'
[5.233s] INFO:colcon.colcon_core.shell:Creating prefix util module '/home/costin/ros2_wshri/hri_/install/_local_setup_util_ps1.py'
[5.234s] INFO:colcon.colcon_core.shell:Creating prefix chain script '/home/costin/ros2_wshri/hri_/install/setup.ps1'
[5.235s] INFO:colcon.colcon_core.shell:Creating prefix script '/home/costin/ros2_wshri/hri_/install/local_setup.sh'
[5.235s] INFO:colcon.colcon_core.shell:Creating prefix util module '/home/costin/ros2_wshri/hri_/install/_local_setup_util_sh.py'
[5.236s] INFO:colcon.colcon_core.shell:Creating prefix chain script '/home/costin/ros2_wshri/hri_/install/setup.sh'
[5.237s] INFO:colcon.colcon_core.shell:Creating prefix script '/home/costin/ros2_wshri/hri_/install/local_setup.bash'
[5.237s] INFO:colcon.colcon_core.shell:Creating prefix chain script '/home/costin/ros2_wshri/hri_/install/setup.bash'
[5.238s] INFO:colcon.colcon_core.shell:Creating prefix script '/home/costin/ros2_wshri/hri_/install/local_setup.zsh'
[5.238s] INFO:colcon.colcon_core.shell:Creating prefix chain script '/home/costin/ros2_wshri/hri_/install/setup.zsh'
