running develop
running egg_info
creating wshri_gui.egg-info
writing wshri_gui.egg-info/PKG-INFO
writing dependency_links to wshri_gui.egg-info/dependency_links.txt
writing entry points to wshri_gui.egg-info/entry_points.txt
writing requirements to wshri_gui.egg-info/requires.txt
writing top-level names to wshri_gui.egg-info/top_level.txt
writing manifest file 'wshri_gui.egg-info/SOURCES.txt'
reading manifest file 'wshri_gui.egg-info/SOURCES.txt'
writing manifest file 'wshri_gui.egg-info/SOURCES.txt'
running build_ext
Creating /home/costin/ros2_wshri/hri_/install/wshri_gui/lib/python3.12/site-packages/wshri-gui.egg-link (link to .)
Installing gui_server script to /home/costin/ros2_wshri/hri_/install/wshri_gui/lib/wshri_gui

Installed /home/costin/ros2_wshri/hri_/build/wshri_gui
running symlink_data
creating /home/costin/ros2_wshri/hri_/install/wshri_gui/share/ament_index
creating /home/costin/ros2_wshri/hri_/install/wshri_gui/share/ament_index/resource_index
creating /home/costin/ros2_wshri/hri_/install/wshri_gui/share/ament_index/resource_index/packages
symbolically linking /home/costin/ros2_wshri/hri_/build/wshri_gui/resource/wshri_gui -> /home/costin/ros2_wshri/hri_/install/wshri_gui/share/ament_index/resource_index/packages
symbolically linking /home/costin/ros2_wshri/hri_/build/wshri_gui/package.xml -> /home/costin/ros2_wshri/hri_/install/wshri_gui/share/wshri_gui
creating /home/costin/ros2_wshri/hri_/install/wshri_gui/share/wshri_gui/web
symbolically linking /home/costin/ros2_wshri/hri_/build/wshri_gui/web/styles.css -> /home/costin/ros2_wshri/hri_/install/wshri_gui/share/wshri_gui/web
symbolically linking /home/costin/ros2_wshri/hri_/build/wshri_gui/web/index.html -> /home/costin/ros2_wshri/hri_/install/wshri_gui/share/wshri_gui/web
symbolically linking /home/costin/ros2_wshri/hri_/build/wshri_gui/web/app.js -> /home/costin/ros2_wshri/hri_/install/wshri_gui/share/wshri_gui/web
