[1.435s] Invoking command in '/home/costin/ros2_wshri/hri_/build/wshri_gui': DEBUGINFOD_URLS=https://debuginfod.ubuntu.com PYTHONPATH=/home/costin/ros2_wshri/hri_/build/wshri_gui/prefix_override:/usr/lib/python3/dist-packages/colcon_core/task/python/colcon_distutils_commands:/home/costin/ros2_wshri/hri_/install/wshri_gui/lib/python3.12/site-packages:${PYTHONPATH} /usr/bin/python3 -W ignore:setup.py install is deprecated -W ignore:easy_install command is deprecated setup.py develop --editable --build-directory /home/costin/ros2_wshri/hri_/build/wshri_gui/build --no-deps symlink_data
[2.010s] running develop
[2.394s] running egg_info
[2.394s] creating wshri_gui.egg-info
[2.433s] writing wshri_gui.egg-info/PKG-INFO
[2.433s] writing dependency_links to wshri_gui.egg-info/dependency_links.txt
[2.433s] writing entry points to wshri_gui.egg-info/entry_points.txt
[2.434s] writing requirements to wshri_gui.egg-info/requires.txt
[2.434s] writing top-level names to wshri_gui.egg-info/top_level.txt
[2.434s] writing manifest file 'wshri_gui.egg-info/SOURCES.txt'
[2.511s] reading manifest file 'wshri_gui.egg-info/SOURCES.txt'
[2.512s] writing manifest file 'wshri_gui.egg-info/SOURCES.txt'
[2.552s] running build_ext
[2.552s] Creating /home/costin/ros2_wshri/hri_/install/wshri_gui/lib/python3.12/site-packages/wshri-gui.egg-link (link to .)
[2.553s] Installing gui_server script to /home/costin/ros2_wshri/hri_/install/wshri_gui/lib/wshri_gui
[2.553s] 
[2.553s] Installed /home/costin/ros2_wshri/hri_/build/wshri_gui
[2.553s] running symlink_data
[2.554s] creating /home/costin/ros2_wshri/hri_/install/wshri_gui/share/ament_index
[2.554s] creating /home/costin/ros2_wshri/hri_/install/wshri_gui/share/ament_index/resource_index
[2.554s] creating /home/costin/ros2_wshri/hri_/install/wshri_gui/share/ament_index/resource_index/packages
[2.554s] symbolically linking /home/costin/ros2_wshri/hri_/build/wshri_gui/resource/wshri_gui -> /home/costin/ros2_wshri/hri_/install/wshri_gui/share/ament_index/resource_index/packages
[2.554s] symbolically linking /home/costin/ros2_wshri/hri_/build/wshri_gui/package.xml -> /home/costin/ros2_wshri/hri_/install/wshri_gui/share/wshri_gui
[2.554s] creating /home/costin/ros2_wshri/hri_/install/wshri_gui/share/wshri_gui/web
[2.555s] symbolically linking /home/costin/ros2_wshri/hri_/build/wshri_gui/web/styles.css -> /home/costin/ros2_wshri/hri_/install/wshri_gui/share/wshri_gui/web
[2.555s] symbolically linking /home/costin/ros2_wshri/hri_/build/wshri_gui/web/index.html -> /home/costin/ros2_wshri/hri_/install/wshri_gui/share/wshri_gui/web
[2.555s] symbolically linking /home/costin/ros2_wshri/hri_/build/wshri_gui/web/app.js -> /home/costin/ros2_wshri/hri_/install/wshri_gui/share/wshri_gui/web
[2.605s] Invoked command in '/home/costin/ros2_wshri/hri_/build/wshri_gui' returned '0': DEBUGINFOD_URLS=https://debuginfod.ubuntu.com PYTHONPATH=/home/costin/ros2_wshri/hri_/build/wshri_gui/prefix_override:/usr/lib/python3/dist-packages/colcon_core/task/python/colcon_distutils_commands:/home/costin/ros2_wshri/hri_/install/wshri_gui/lib/python3.12/site-packages:${PYTHONPATH} /usr/bin/python3 -W ignore:setup.py install is deprecated -W ignore:easy_install command is deprecated setup.py develop --editable --build-directory /home/costin/ros2_wshri/hri_/build/wshri_gui/build --no-deps symlink_data
